<?xml version="1.0" encoding="UTF-8"?>
<!-- Generated by org.testng.reporters.JUnitReportReporter -->
<testsuite skipped="0" hostname="Abrahams-MacBook-Air.local" name="TestCases.PrintTables" tests="2" failures="0" timestamp="07 May 2019 00:08:48 GMT" time="0.867" errors="0">
  <testcase name="Login" time="0.783" classname="TestCases.PrintTables"/>
  <testcase name="printTables" time="0.084" classname="TestCases.PrintTables"/>
</testsuite> <!-- TestCases.PrintTables -->
