<?xml version="1.0" encoding="UTF-8"?>
<!-- Generated by org.testng.reporters.JUnitReportReporter -->
<testsuite skipped="0" hostname="Abrahams-Air.attlocal.net" name="TestCases.getURL" tests="2" failures="0" timestamp="05 May 2019 18:22:36 GMT" time="2.177" errors="0">
  <testcase name="URl" time="0.025" classname="TestCases.getURL"/>
  <testcase name="LInks" time="2.152" classname="TestCases.getURL"/>
</testsuite> <!-- TestCases.getURL -->
